This is pdfTeX, Version 3.141592653-2.6-1.40.24 (TeX Live 2022/Debian) (preloaded format=pdflatex 2025.10.1)  15 NOV 2025 21:18
entering extended mode
 restricted \write18 enabled.
 file:line:error style messages enabled.
 %&-line parsing enabled.
**/home/coder/project/Relatorio_final/main.tex
(/home/coder/project/Relatorio_final/main.tex
LaTeX2e <2022-11-01> patch level 1
L3 programming layer <2023-01-16> (/usr/share/texlive/texmf-dist/tex/latex/base/article.cls
Document Class: article 2022/07/02 v1.4n Standard LaTeX document class
(/usr/share/texlive/texmf-dist/tex/latex/base/size12.clo
File: size12.clo 2022/07/02 v1.4n Standard LaTeX file (size option)
)
\c@part=\count185
\c@section=\count186
\c@subsection=\count187
\c@subsubsection=\count188
\c@paragraph=\count189
\c@subparagraph=\count190
\c@figure=\count191
\c@table=\count192
\abovecaptionskip=\skip48
\belowcaptionskip=\skip49
\bibindent=\dimen140
) (/usr/share/texlive/texmf-dist/tex/latex/base/inputenc.sty
Package: inputenc 2021/02/14 v1.3d Input encoding file
\inpenc@prehook=\toks16
\inpenc@posthook=\toks17
) (/usr/share/texlive/texmf-dist/tex/latex/base/fontenc.sty
Package: fontenc 2021/04/29 v2.0v Standard LaTeX package
) (/usr/share/texlive/texmf-dist/tex/generic/babel/babel.sty
Package: babel 2022/12/26 3.84 The Babel package
\babel@savecnt=\count193
\U@D=\dimen141
\l@unhyphenated=\language87
 (/usr/share/texlive/texmf-dist/tex/generic/babel/txtbabel.def)
\bbl@readstream=\read2
\bbl@dirlevel=\count194
 (/usr/share/texlive/texmf-dist/tex/generic/babel-portuges/portuguese.ldf
Language: portuges 2021/07/09 v1.2t Portuguese support from the babel system
Package babel Info: Making " an active character on input line 143.
)) (/usr/share/texlive/texmf-dist/tex/generic/babel/locale/pt/babel-portuguese.tex
Package babel Info: Importing font and identification data for portuguese
(babel)             from babel-pt.ini. Reported on input line 11.
) (/usr/share/texlive/texmf-dist/tex/latex/amsmath/amsmath.sty
Package: amsmath 2022/04/08 v2.17n AMS math features
\@mathmargin=\skip50

For additional information on amsmath, use the `?' option.
(/usr/share/texlive/texmf-dist/tex/latex/amsmath/amstext.sty
Package: amstext 2021/08/26 v2.01 AMS text
 (/usr/share/texlive/texmf-dist/tex/latex/amsmath/amsgen.sty
File: amsgen.sty 1999/11/30 v2.0 generic functions
\@emptytoks=\toks18
\ex@=\dimen142
)) (/usr/share/texlive/texmf-dist/tex/latex/amsmath/amsbsy.sty
Package: amsbsy 1999/11/29 v1.2d Bold Symbols
\pmbraise@=\dimen143
) (/usr/share/texlive/texmf-dist/tex/latex/amsmath/amsopn.sty
Package: amsopn 2022/04/08 v2.04 operator names
)
\inf@bad=\count195
LaTeX Info: Redefining \frac on input line 234.
\uproot@=\count196
\leftroot@=\count197
LaTeX Info: Redefining \overline on input line 399.
LaTeX Info: Redefining \colon on input line 410.
\classnum@=\count198
\DOTSCASE@=\count199
LaTeX Info: Redefining \ldots on input line 496.
LaTeX Info: Redefining \dots on input line 499.
LaTeX Info: Redefining \cdots on input line 620.
\Mathstrutbox@=\box51
\strutbox@=\box52
LaTeX Info: Redefining \big on input line 722.
LaTeX Info: Redefining \Big on input line 723.
LaTeX Info: Redefining \bigg on input line 724.
LaTeX Info: Redefining \Bigg on input line 725.
\big@size=\dimen144
LaTeX Font Info:    Redeclaring font encoding OML on input line 743.
LaTeX Font Info:    Redeclaring font encoding OMS on input line 744.
\macc@depth=\count266
LaTeX Info: Redefining \bmod on input line 905.
LaTeX Info: Redefining \pmod on input line 910.
LaTeX Info: Redefining \smash on input line 940.
LaTeX Info: Redefining \relbar on input line 970.
LaTeX Info: Redefining \Relbar on input line 971.
\c@MaxMatrixCols=\count267
\dotsspace@=\muskip16
\c@parentequation=\count268
\dspbrk@lvl=\count269
\tag@help=\toks19
\row@=\count270
\column@=\count271
\maxfields@=\count272
\andhelp@=\toks20
\eqnshift@=\dimen145
\alignsep@=\dimen146
\tagshift@=\dimen147
\tagwidth@=\dimen148
\totwidth@=\dimen149
\lineht@=\dimen150
\@envbody=\toks21
\multlinegap=\skip51
\multlinetaggap=\skip52
\mathdisplay@stack=\toks22
LaTeX Info: Redefining \[ on input line 2953.
LaTeX Info: Redefining \] on input line 2954.
) (/usr/share/texlive/texmf-dist/tex/latex/amsfonts/amsfonts.sty
Package: amsfonts 2013/01/14 v3.01 Basic AMSFonts support
\symAMSa=\mathgroup4
\symAMSb=\mathgroup5
LaTeX Font Info:    Redeclaring math symbol \hbar on input line 98.
LaTeX Font Info:    Overwriting math alphabet `\mathfrak' in version `bold'
(Font)                  U/euf/m/n --> U/euf/b/n on input line 106.
) (/usr/share/texlive/texmf-dist/tex/latex/amsfonts/amssymb.sty
Package: amssymb 2013/01/14 v3.01 AMS font symbols
) (/usr/share/texlive/texmf-dist/tex/latex/graphics/graphicx.sty
Package: graphicx 2021/09/16 v1.2d Enhanced LaTeX Graphics (DPC,SPQR)
 (/usr/share/texlive/texmf-dist/tex/latex/graphics/keyval.sty
Package: keyval 2022/05/29 v1.15 key=value parser (DPC)
\KV@toks@=\toks23
) (/usr/share/texlive/texmf-dist/tex/latex/graphics/graphics.sty
Package: graphics 2022/03/10 v1.4e Standard LaTeX Graphics (DPC,SPQR)
 (/usr/share/texlive/texmf-dist/tex/latex/graphics/trig.sty
Package: trig 2021/08/11 v1.11 sin cos tan (DPC)
) (/usr/share/texlive/texmf-dist/tex/latex/graphics-cfg/graphics.cfg
File: graphics.cfg 2016/06/04 v1.11 sample graphics configuration
)
Package graphics Info: Driver file: pdftex.def on input line 107.
 (/usr/share/texlive/texmf-dist/tex/latex/graphics-def/pdftex.def
File: pdftex.def 2022/09/22 v1.2b Graphics/color driver for pdftex
))
\Gin@req@height=\dimen151
\Gin@req@width=\dimen152
) (/usr/share/texlive/texmf-dist/tex/latex/float/float.sty
Package: float 2001/11/08 v1.3d Float enhancements (AL)
\c@float@type=\count273
\float@exts=\toks24
\float@box=\box53
\@float@everytoks=\toks25
\@floatcapt=\box54
) (/usr/share/texlive/texmf-dist/tex/latex/url/url.sty
\Urlmuskip=\muskip17
Package: url 2013/09/16  ver 3.4  Verb mode for urls, etc.
) (/usr/share/texlive/texmf-dist/tex/latex/geometry/geometry.sty
Package: geometry 2020/01/02 v5.9 Page Geometry
 (/usr/share/texlive/texmf-dist/tex/generic/iftex/ifvtex.sty
Package: ifvtex 2019/10/25 v1.7 ifvtex legacy package. Use iftex instead.
 (/usr/share/texlive/texmf-dist/tex/generic/iftex/iftex.sty
Package: iftex 2022/02/03 v1.0f TeX engine tests
))
\Gm@cnth=\count274
\Gm@cntv=\count275
\c@Gm@tempcnt=\count276
\Gm@bindingoffset=\dimen153
\Gm@wd@mp=\dimen154
\Gm@odd@mp=\dimen155
\Gm@even@mp=\dimen156
\Gm@layoutwidth=\dimen157
\Gm@layoutheight=\dimen158
\Gm@layouthoffset=\dimen159
\Gm@layoutvoffset=\dimen160
\Gm@dimlist=\toks26
) (/usr/share/texlive/texmf-dist/tex/latex/l3backend/l3backend-pdftex.def
File: l3backend-pdftex.def 2023-01-16 L3 backend support: PDF output (pdfTeX)
\l__color_backend_stack_int=\count277
\l__pdf_internal_box=\box55
) (./main.aux)
\openout1 = `main.aux'.

LaTeX Font Info:    Checking defaults for OML/cmm/m/it on input line 23.
LaTeX Font Info:    ... okay on input line 23.
LaTeX Font Info:    Checking defaults for OMS/cmsy/m/n on input line 23.
LaTeX Font Info:    ... okay on input line 23.
LaTeX Font Info:    Checking defaults for OT1/cmr/m/n on input line 23.
LaTeX Font Info:    ... okay on input line 23.
LaTeX Font Info:    Checking defaults for T1/cmr/m/n on input line 23.
LaTeX Font Info:    ... okay on input line 23.
LaTeX Font Info:    Checking defaults for TS1/cmr/m/n on input line 23.
LaTeX Font Info:    ... okay on input line 23.
LaTeX Font Info:    Checking defaults for OMX/cmex/m/n on input line 23.
LaTeX Font Info:    ... okay on input line 23.
LaTeX Font Info:    Checking defaults for U/cmr/m/n on input line 23.
LaTeX Font Info:    ... okay on input line 23.
 (/usr/share/texlive/texmf-dist/tex/context/base/mkii/supp-pdf.mkii
[Loading MPS to PDF converter (version 2006.09.02).]
\scratchcounter=\count278
\scratchdimen=\dimen161
\scratchbox=\box56
\nofMPsegments=\count279
\nofMParguments=\count280
\everyMPshowfont=\toks27
\MPscratchCnt=\count281
\MPscratchDim=\dimen162
\MPnumerator=\count282
\makeMPintoPDFobject=\count283
\everyMPtoPDFconversion=\toks28
) (/usr/share/texlive/texmf-dist/tex/latex/epstopdf-pkg/epstopdf-base.sty
Package: epstopdf-base 2020-01-24 v2.11 Base part for package epstopdf
Package epstopdf-base Info: Redefining graphics rule for `.eps' on input line 485.
 (/usr/share/texlive/texmf-dist/tex/latex/latexconfig/epstopdf-sys.cfg
File: epstopdf-sys.cfg 2010/07/13 v1.3 Configuration of (r)epstopdf for TeX Live
))
*geometry* driver: auto-detecting
*geometry* detected driver: pdftex
*geometry* verbose mode - [ preamble ] result:
* driver: pdftex
* paper: a4paper
* layout: <same size as paper>
* layoutoffset:(h,v)=(0.0pt,0.0pt)
* modes: 
* h-part:(L,W,R)=(85.35826pt, 455.24411pt, 56.9055pt)
* v-part:(T,H,B)=(85.35826pt, 702.78308pt, 56.9055pt)
* \paperwidth=597.50787pt
* \paperheight=845.04684pt
* \textwidth=455.24411pt
* \textheight=702.78308pt
* \oddsidemargin=13.08827pt
* \evensidemargin=13.08827pt
* \topmargin=-23.91173pt
* \headheight=12.0pt
* \headsep=25.0pt
* \topskip=12.0pt
* \footskip=30.0pt
* \marginparwidth=35.0pt
* \marginparsep=10.0pt
* \columnsep=10.0pt
* \skip\footins=10.8pt plus 4.0pt minus 2.0pt
* \hoffset=0.0pt
* \voffset=0.0pt
* \mag=1000
* \@twocolumnfalse
* \@twosidefalse
* \@mparswitchfalse
* \@reversemarginfalse
* (1in=72.27pt=25.4mm, 1cm=28.453pt)

LaTeX Font Info:    Trying to load font information for U+msa on input line 25.
(/usr/share/texlive/texmf-dist/tex/latex/amsfonts/umsa.fd
File: umsa.fd 2013/01/14 v3.01 AMS symbols A
)
LaTeX Font Info:    Trying to load font information for U+msb on input line 25.
 (/usr/share/texlive/texmf-dist/tex/latex/amsfonts/umsb.fd
File: umsb.fd 2013/01/14 v3.01 AMS symbols B
) [1

{/var/lib/texmf/fonts/map/pdftex/updmap/pdftex.map}] (./main.toc)
\tf@toc=\write3
\openout3 = `main.toc'.

 [2] (./01_introducao.tex) (./02_funcionamento_tls.tex
Overfull \hbox (1.45195pt too wide) in paragraph at lines 20--23
[]| \T1/cmr/bx/n/12 Cli-ent Hello: \T1/cmr/m/n/12 O cli-ente ini-cia o \T1/cmr/m/it/12 handshake \T1/cmr/m/n/12 en-vi-ando esta men-sa-gem cli-ent_hello
 []

LaTeX Font Info:    Trying to load font information for T1+cmtt on input line 27.
(/usr/share/texlive/texmf-dist/tex/latex/base/t1cmtt.fd
File: t1cmtt.fd 2022/07/10 v2.5l Standard LaTeX font definitions
)
LaTeX Font Info:    Font shape `T1/cmtt/bx/n' in size <12> not available
(Font)              Font shape `T1/cmtt/m/n' tried instead on input line 27.
 [3]
<./imagens/client_hello_part1.png, id=20, 1715.91063pt x 1033.8625pt>
File: ./imagens/client_hello_part1.png Graphic file (type png)
<use ./imagens/client_hello_part1.png>
Package pdftex.def Info: ./imagens/client_hello_part1.png  used on input line 43.
(pdftex.def)             Requested size: 318.66948pt x 192.003pt.
<./imagens/client_hello_parte2.png, id=22, 1715.91063pt x 1034.36438pt>
File: ./imagens/client_hello_parte2.png Graphic file (type png)
<use ./imagens/client_hello_parte2.png>
Package pdftex.def Info: ./imagens/client_hello_parte2.png  used on input line 49.
(pdftex.def)             Requested size: 318.66948pt x 192.09622pt.
 [4 <./imagens/client_hello_part1.png> <./imagens/client_hello_parte2.png>]
<./imagens/server_hello_certificate_tls.png, id=29, 1716.4125pt x 1034.86626pt>
File: ./imagens/server_hello_certificate_tls.png Graphic file (type png)
<use ./imagens/server_hello_certificate_tls.png>
Package pdftex.def Info: ./imagens/server_hello_certificate_tls.png  used on input line 67.
(pdftex.def)             Requested size: 318.66948pt x 192.12625pt.
 [5 <./imagens/server_hello_certificate_tls.png>]
<./imagens/troca_de_chaves.png, id=35, 1716.4125pt x 1037.37563pt>
File: ./imagens/troca_de_chaves.png Graphic file (type png)
<use ./imagens/troca_de_chaves.png>
Package pdftex.def Info: ./imagens/troca_de_chaves.png  used on input line 113.
(pdftex.def)             Requested size: 318.66948pt x 192.59213pt.
<./imagens/client_key_exchange.png, id=36, 1716.4125pt x 1038.37938pt>
File: ./imagens/client_key_exchange.png Graphic file (type png)
<use ./imagens/client_key_exchange.png>
Package pdftex.def Info: ./imagens/client_key_exchange.png  used on input line 141.
(pdftex.def)             Requested size: 409.71692pt x 247.85353pt.
 [6 <./imagens/troca_de_chaves.png>] [7 <./imagens/client_key_exchange.png>]
<./imagens/change_cipher_spec_cliente_para_servidor.png, id=46, 1716.4125pt x 1111.15125pt>
File: ./imagens/change_cipher_spec_cliente_para_servidor.png Graphic file (type png)
<use ./imagens/change_cipher_spec_cliente_para_servidor.png>
Package pdftex.def Info: ./imagens/change_cipher_spec_cliente_para_servidor.png  used on input line 186.
(pdftex.def)             Requested size: 409.71692pt x 265.22363pt.
<./imagens/change_cipher_spec_servidor_cliente.png, id=47, 1715.91063pt x 674.52pt>
File: ./imagens/change_cipher_spec_servidor_cliente.png Graphic file (type png)
<use ./imagens/change_cipher_spec_servidor_cliente.png>
Package pdftex.def Info: ./imagens/change_cipher_spec_servidor_cliente.png  used on input line 197.
(pdftex.def)             Requested size: 409.71692pt x 161.05443pt.
 [8 <./imagens/change_cipher_spec_cliente_para_servidor.png> <./imagens/change_cipher_spec_servidor_cliente.png>]
<./imagens/conect_tls.png, id=54, 622.82687pt x 622.325pt>
File: ./imagens/conect_tls.png Graphic file (type png)
<use ./imagens/conect_tls.png>
Package pdftex.def Info: ./imagens/conect_tls.png  used on input line 221.
(pdftex.def)             Requested size: 318.66948pt x 318.4166pt.
 [9 <./imagens/conect_tls.png>]
<./imagens/cipher_suite.png, id=59, 1715.91063pt x 679.03688pt>
File: ./imagens/cipher_suite.png Graphic file (type png)
<use ./imagens/cipher_suite.png>
Package pdftex.def Info: ./imagens/cipher_suite.png  used on input line 242.
(pdftex.def)             Requested size: 318.66948pt x 126.10683pt.
) (./03_comparacao_seguranca.tex
<./imagens/Screenshot 2025-11-08 at 15.42.45.png, id=60, 1716.4125pt x 1111.15125pt>
File: ./imagens/Screenshot 2025-11-08 at 15.42.45.png Graphic file (type png)
<use ./imagens/Screenshot 2025-11-08 at 15.42.45.png>
Package pdftex.def Info: ./imagens/Screenshot 2025-11-08 at 15.42.45.png  used on input line 16.
(pdftex.def)             Requested size: 409.71692pt x 265.22363pt.
 [10 <./imagens/cipher_suite.png>]
Overfull \hbox (14.23584pt too wide) in paragraph at lines 22--23
\T1/cmr/m/n/12 Na im-ple-men-ta-ção com TLS (porta 5002), a chave de ses-são se-creta (ne-go-ci-ada no \T1/cmr/m/it/12 handshake\T1/cmr/m/n/12 )
 []

<./imagens/texto_cifrado.png, id=65, 1715.91063pt x 897.3525pt>
File: ./imagens/texto_cifrado.png Graphic file (type png)
<use ./imagens/texto_cifrado.png>
Package pdftex.def Info: ./imagens/texto_cifrado.png  used on input line 30.
(pdftex.def)             Requested size: 409.71692pt x 214.2599pt.
[11 <./imagens/Screenshot 2025-11-08 at 15.42.45.png>]) (./04_analise_e_overhead.tex [12 <./imagens/texto_cifrado.png>] [13]) [14] (./main.aux) ) 
Here is how much of TeX's memory you used:
 4703 strings out of 476091
 74069 string characters out of 5794081
 1860330 words of memory out of 5000000
 25004 multiletter control sequences out of 15000+600000
 526964 words of font info for 72 fonts, out of 8000000 for 9000
 1141 hyphenation exceptions out of 8191
 57i,9n,62p,574b,392s stack positions out of 10000i,1000n,20000p,200000b,200000s
{/usr/share/texmf/fonts/enc/dvips/cm-super/cm-super-t1.enc}{/usr/share/texmf/fonts/enc/dvips/cm-super/cm-super-ts1.enc}</usr/share/texlive/texmf-dist/fonts/type1/public/amsfonts/cm/cmsy10.pfb></usr/share/texmf/fonts/type1/public/cm-super/sfbi1200.pfb></usr/share/texmf/fonts/type1/public/cm-super/sfbx1200.pfb></usr/share/texmf/fonts/type1/public/cm-super/sfbx1440.pfb></usr/share/texmf/fonts/type1/public/cm-super/sfbx1728.pfb></usr/share/texmf/fonts/type1/public/cm-super/sfrm1200.pfb></usr/share/texmf/fonts/type1/public/cm-super/sfrm1440.pfb></usr/share/texmf/fonts/type1/public/cm-super/sfrm2074.pfb></usr/share/texmf/fonts/type1/public/cm-super/sfti1200.pfb></usr/share/texmf/fonts/type1/public/cm-super/sftt1200.pfb>
Output written on main.pdf (14 pages, 5820246 bytes).
PDF statistics:
 128 PDF objects out of 1000 (max. 8388607)
 68 compressed objects within 1 object stream
 0 named destinations out of 1000 (max. 500000)
 56 words of extra memory for PDF output out of 10000 (max. 10000000)

